<?xml version="1.0" encoding="utf-8"?><testsuites name="pytest tests"><testsuite name="pytest" errors="0" failures="3" skipped="0" tests="18" time="110.619" timestamp="2026-05-08T10:00:45.909520+00:00" hostname="agent-env-396ea61b-5fbe-4685-b625-13256071447b"><testcase classname="backend.tests.test_phase2_new_endpoints.TestAstralHistory" name="test_suggest_then_history_round_id_matches" time="19.476" /><testcase classname="backend.tests.test_phase2_new_endpoints.TestAstralHistory" name="test_skip_history_does_not_persist" time="20.387" /><testcase classname="backend.tests.test_phase2_new_endpoints.TestAstralHistory" name="test_delete_one_round" time="50.572" /><testcase classname="backend.tests.test_phase2_new_endpoints.TestAstralHistory" name="test_clear_all_history" time="18.371" /><testcase classname="backend.tests.test_phase2_new_endpoints.TestRemixDefaults" name="test_set_and_get" time="0.137" /><testcase classname="backend.tests.test_phase2_new_endpoints.TestRemixDefaults" name="test_clear_with_empty" time="0.068" /><testcase classname="backend.tests.test_phase2_new_endpoints.TestRemixDefaults" name="test_hint_truncated_to_240" time="0.082" /><testcase classname="backend.tests.test_phase2_new_endpoints.TestRemixDefaults" name="test_presets_capped_at_12" time="0.068" /><testcase classname="backend.tests.test_phase2_new_endpoints.TestRemixDefaults" name="test_non_string_presets_dropped" time="0.073"><failure message="AssertionError: status 422: {&quot;detail&quot;:[{&quot;type&quot;:&quot;string_type&quot;,&quot;loc&quot;:[&quot;body&quot;,&quot;presets&quot;,1],&quot;msg&quot;:&quot;Input should be a valid string&quot;,&quot;input&quot;:42,&quot;url&quot;:&quot;https://errors.pydantic.dev/2.13/v/string_type&quot;},{&quot;type&quot;:&quot;string_type&quot;,&quot;loc&quot;:[&quot;body&#10;assert 422 == 200&#10; +  where 422 = &lt;Response [422]&gt;.status_code">backend/tests/test_phase2_new_endpoints.py:237: in test_non_string_presets_dropped
    assert r.status_code == 200, f"status {r.status_code}: {r.text[:200]}"
E   AssertionError: status 422: {"detail":[{"type":"string_type","loc":["body","presets",1],"msg":"Input should be a valid string","input":42,"url":"https://errors.pydantic.dev/2.13/v/string_type"},{"type":"string_type","loc":["body
E   assert 422 == 200
E    +  where 422 = &lt;Response [422]&gt;.status_code</failure></testcase><testcase classname="backend.tests.test_phase2_new_endpoints.TestRemixDefaults" name="test_cleanup_remix_defaults" time="0.069" /><testcase classname="backend.tests.test_phase2_new_endpoints.TestRecurrence" name="test_valid_kinds[weekly]" time="0.136" /><testcase classname="backend.tests.test_phase2_new_endpoints.TestRecurrence" name="test_valid_kinds[biweekly]" time="0.133" /><testcase classname="backend.tests.test_phase2_new_endpoints.TestRecurrence" name="test_valid_kinds[none]" time="0.138" /><testcase classname="backend.tests.test_phase2_new_endpoints.TestRecurrence" name="test_invalid_kind_rejected" time="0.110" /><testcase classname="backend.tests.test_phase2_new_endpoints.TestRecurrence" name="test_default_recurrence_for_old_group" time="0.142" /><testcase classname="backend.tests.test_phase2_new_endpoints.TestOgCard" name="test_generic_og_png" time="0.174"><failure message="AssertionError: cache-control: 'no-store, no-cache, must-revalidate'&#10;assert 'no-store, no...st-revalidate' == 'public, max-...s-maxage=3600'&#10;  &#10;  - public, max-age=3600, s-maxage=3600&#10;  + no-store, no-cache, must-revalidate">backend/tests/test_phase2_new_endpoints.py:292: in test_generic_og_png
    assert cc == "public, max-age=3600, s-maxage=3600", f"cache-control: {cc!r}"
E   AssertionError: cache-control: 'no-store, no-cache, must-revalidate'
E   assert 'no-store, no...st-revalidate' == 'public, max-...s-maxage=3600'
E     
E     - public, max-age=3600, s-maxage=3600
E     + no-store, no-cache, must-revalidate</failure></testcase><testcase classname="backend.tests.test_phase2_new_endpoints.TestOgCard" name="test_personalized_og_png" time="0.199"><failure message="AssertionError: assert 'no-store, no...st-revalidate' == 'public, max-...s-maxage=3600'&#10;  &#10;  - public, max-age=3600, s-maxage=3600&#10;  + no-store, no-cache, must-revalidate">backend/tests/test_phase2_new_endpoints.py:300: in test_personalized_og_png
    assert cc == "public, max-age=3600, s-maxage=3600"
E   AssertionError: assert 'no-store, no...st-revalidate' == 'public, max-...s-maxage=3600'
E     
E     - public, max-age=3600, s-maxage=3600
E     + no-store, no-cache, must-revalidate</failure></testcase><testcase classname="backend.tests.test_phase2_new_endpoints.TestOgCard" name="test_bogus_code_falls_back" time="0.149" /></testsuite></testsuites>